sn-ssk-ctpf/build/outputs/logs/manifest-merger-debug-report.txt
-- Merging decision tree log ---
manifest
ADDED from src\main\AndroidManifest.xml:2:1-210:12
	package
		ADDED from src\main\AndroidManifest.xml:3:5-27
		INJECTED from src\main\AndroidManifest.xml
		INJECTED from src\main\AndroidManifest.xml
	android:versionName
		INJECTED from src\main\AndroidManifest.xml
		INJECTED from src\main\AndroidManifest.xml
	xmlns:android
		ADDED from src\main\AndroidManifest.xml:2:11-69
	android:versionCode
		INJECTED from src\main\AndroidManifest.xml
		INJECTED from src\main\AndroidManifest.xml
uses-permission#com.android.launcher.permission.READ_SETTINGS
ADDED from src\main\AndroidManifest.xml:5:5-85
	android:name
		ADDED from src\main\AndroidManifest.xml:5:22-82
uses-permission#android.permission.ACCESS_COARSE_LOCATION
ADDED from src\main\AndroidManifest.xml:7:5-81
MERGED from [hxsn4:ssk_library:unspecified] AndroidManifest.xml:31:5-81
	android:name
		ADDED from src\main\AndroidManifest.xml:7:22-78
uses-permission#android.permission.ACCESS_FINE_LOCATION
ADDED from src\main\AndroidManifest.xml:9:5-79
	android:name
		ADDED from src\main\AndroidManifest.xml:9:22-76
uses-permission#android.permission.ACCESS_WIFI_STATE
ADDED from src\main\AndroidManifest.xml:11:5-76
MERGED from [hxsn4:ssk_library:unspecified] AndroidManifest.xml:11:5-76
MERGED from [hxsn4:ssk_library:unspecified] AndroidManifest.xml:21:5-76
	android:name
		ADDED from src\main\AndroidManifest.xml:11:22-73
uses-permission#android.permission.ACCESS_NETWORK_STATE
ADDED from src\main\AndroidManifest.xml:13:5-79
MERGED from [hxsn4:ssk_library:unspecified] AndroidManifest.xml:20:5-79
	android:name
		ADDED from src\main\AndroidManifest.xml:13:22-76
uses-permission#android.permission.READ_PHONE_STATE
ADDED from src\main\AndroidManifest.xml:15:5-75
MERGED from [hxsn4:ssk_library:unspecified] AndroidManifest.xml:25:5-75
	android:name
		ADDED from src\main\AndroidManifest.xml:15:22-72
uses-permission#android.permission.WRITE_EXTERNAL_STORAGE
ADDED from src\main\AndroidManifest.xml:17:5-81
MERGED from [hxsn4:ssk_library:unspecified] AndroidManifest.xml:15:5-81
MERGED from [hxsn4:ssk_library:unspecified] AndroidManifest.xml:29:5-81
	android:name
		ADDED from src\main\AndroidManifest.xml:17:22-78
uses-permission#android.permission.CALL_PHONE
ADDED from src\main\AndroidManifest.xml:20:5-69
MERGED from [hxsn4:ssk_library:unspecified] AndroidManifest.xml:12:5-69
	android:name
		ADDED from src\main\AndroidManifest.xml:20:22-66
uses-permission#android.permission.RECORD_AUDIO
ADDED from src\main\AndroidManifest.xml:21:5-71
MERGED from [hxsn4:ssk_library:unspecified] AndroidManifest.xml:13:5-71
	android:name
		ADDED from src\main\AndroidManifest.xml:21:22-68
uses-permission#android.permission.MODIFY_AUDIO_SETTINGS
ADDED from src\main\AndroidManifest.xml:22:5-80
MERGED from [hxsn4:ssk_library:unspecified] AndroidManifest.xml:14:5-80
	android:name
		ADDED from src\main\AndroidManifest.xml:22:22-77
uses-permission#android.permission.MOUNT_UNMOUNT_FILESYSTEMS
ADDED from src\main\AndroidManifest.xml:24:5-84
MERGED from [hxsn4:ssk_library:unspecified] AndroidManifest.xml:16:5-84
	android:name
		ADDED from src\main\AndroidManifest.xml:24:22-81
uses-permission#android.permission.INTERNET
ADDED from src\main\AndroidManifest.xml:27:5-67
MERGED from [hxsn4:ssk_library:unspecified] AndroidManifest.xml:19:5-67
	android:name
		ADDED from src\main\AndroidManifest.xml:27:22-64
uses-permission#android.permission.CHANGE_WIFI_STATE
ADDED from src\main\AndroidManifest.xml:30:5-76
MERGED from [hxsn4:ssk_library:unspecified] AndroidManifest.xml:22:5-76
	android:name
		ADDED from src\main\AndroidManifest.xml:30:22-73
uses-permission#android.permission.RECEIVE_BOOT_COMPLETED
ADDED from src\main\AndroidManifest.xml:34:5-81
MERGED from [hxsn4:ssk_library:unspecified] AndroidManifest.xml:26:5-81
	android:name
		ADDED from src\main\AndroidManifest.xml:34:22-78
uses-permission#android.permission.WRITE_SETTINGS
ADDED from src\main\AndroidManifest.xml:35:5-73
MERGED from [hxsn4:ssk_library:unspecified] AndroidManifest.xml:27:5-73
	android:name
		ADDED from src\main\AndroidManifest.xml:35:22-70
uses-permission#android.permission.VIBRATE
ADDED from src\main\AndroidManifest.xml:36:5-66
MERGED from [hxsn4:ssk_library:unspecified] AndroidManifest.xml:28:5-66
	android:name
		ADDED from src\main\AndroidManifest.xml:36:22-63
uses-permission#android.permission.DISABLE_KEYGUARD
ADDED from src\main\AndroidManifest.xml:38:5-75
MERGED from [hxsn4:ssk_library:unspecified] AndroidManifest.xml:30:5-75
	android:name
		ADDED from src\main\AndroidManifest.xml:38:22-72
uses-permission#android.permission.ACCESS_DOWNLOAD_MANAGER
ADDED from src\main\AndroidManifest.xml:40:5-82
MERGED from [hxsn4:ssk_library:unspecified] AndroidManifest.xml:32:5-82
	android:name
		ADDED from src\main\AndroidManifest.xml:40:22-79
uses-permission#android.permission.DOWNLOAD_WITHOUT_NOTIFICATION
ADDED from src\main\AndroidManifest.xml:41:5-88
MERGED from [hxsn4:ssk_library:unspecified] AndroidManifest.xml:33:5-88
	android:name
		ADDED from src\main\AndroidManifest.xml:41:22-85
uses-permission#android.permission.EXPAND_STATUS_BAR
ADDED from src\main\AndroidManifest.xml:42:5-76
MERGED from [hxsn4:ssk_library:unspecified] AndroidManifest.xml:34:5-76
	android:name
		ADDED from src\main\AndroidManifest.xml:42:22-73
meta-data#api_key
ADDED from src\main\AndroidManifest.xml:45:5-47:52
	android:value
		ADDED from src\main\AndroidManifest.xml:47:9-49
	android:name
		ADDED from src\main\AndroidManifest.xml:46:9-31
application
ADDED from src\main\AndroidManifest.xml:49:5-208:19
MERGED from [com.android.support:appcompat-v7:23.4.0] AndroidManifest.xml:25:5-20
MERGED from [com.android.support:animated-vector-drawable:23.4.0] AndroidManifest.xml:7:5-20
MERGED from [com.android.support:support-vector-drawable:23.4.0] AndroidManifest.xml:7:5-20
MERGED from [com.android.support:support-v4:23.4.0] AndroidManifest.xml:22:5-20
MERGED from [hxsn4:ssk_library:unspecified] AndroidManifest.xml:36:5-40:19
	android:label
		ADDED from src\main\AndroidManifest.xml:53:9-41
	android:supportsRtl
		ADDED from src\main\AndroidManifest.xml:54:9-35
	android:allowBackup
		ADDED from src\main\AndroidManifest.xml:51:9-35
	android:icon
		ADDED from src\main\AndroidManifest.xml:52:9-41
	android:theme
		ADDED from src\main\AndroidManifest.xml:55:9-56
	android:name
		ADDED from src\main\AndroidManifest.xml:50:9-37
meta-data#com.baidu.lbsapi.API_KEY
ADDED from src\main\AndroidManifest.xml:57:9-59:64
	android:value
		ADDED from src\main\AndroidManifest.xml:59:13-61
	android:name
		ADDED from src\main\AndroidManifest.xml:58:13-52
activity#com.hxsn.ssk.MainActivity
ADDED from src\main\AndroidManifest.xml:61:9-70:20
	android:screenOrientation
		ADDED from src\main\AndroidManifest.xml:63:13-49
	android:launchMode
		ADDED from src\main\AndroidManifest.xml:64:13-44
	android:name
		ADDED from src\main\AndroidManifest.xml:62:13-41
intent-filter#android.intent.action.MAIN+android.intent.category.LAUNCHER
ADDED from src\main\AndroidManifest.xml:65:13-69:29
action#android.intent.action.MAIN
ADDED from src\main\AndroidManifest.xml:66:17-69
	android:name
		ADDED from src\main\AndroidManifest.xml:66:25-66
category#android.intent.category.LAUNCHER
ADDED from src\main\AndroidManifest.xml:68:17-77
	android:name
		ADDED from src\main\AndroidManifest.xml:68:27-74
activity#com.hxsn.ssk.activity.WelcomeActivity
ADDED from src\main\AndroidManifest.xml:71:9-98
	android:screenOrientation
		ADDED from src\main\AndroidManifest.xml:71:60-96
	android:name
		ADDED from src\main\AndroidManifest.xml:71:19-59
activity#com.hxsn.ssk.activity.LoginActivity
ADDED from src\main\AndroidManifest.xml:72:9-96
	android:screenOrientation
		ADDED from src\main\AndroidManifest.xml:72:58-94
	android:name
		ADDED from src\main\AndroidManifest.xml:72:19-57
activity#com.hxsn.ssk.activity.HomeActivity
ADDED from src\main\AndroidManifest.xml:73:9-95
	android:screenOrientation
		ADDED from src\main\AndroidManifest.xml:73:57-93
	android:name
		ADDED from src\main\AndroidManifest.xml:73:19-56
activity#com.hxsn.ssk.activity.PasswordEditActivity
ADDED from src\main\AndroidManifest.xml:75:9-78:68
	android:screenOrientation
		ADDED from src\main\AndroidManifest.xml:77:13-49
	android:label
		ADDED from src\main\AndroidManifest.xml:78:13-65
	android:name
		ADDED from src\main\AndroidManifest.xml:76:13-58
activity#com.hxsn.ssk.activity.AboutUsActivity
ADDED from src\main\AndroidManifest.xml:79:9-82:63
	android:screenOrientation
		ADDED from src\main\AndroidManifest.xml:81:13-49
	android:label
		ADDED from src\main\AndroidManifest.xml:82:13-60
	android:name
		ADDED from src\main\AndroidManifest.xml:80:13-53
activity#com.hxsn.ssk.activity.SettingActivity
ADDED from src\main\AndroidManifest.xml:83:9-86:62
	android:screenOrientation
		ADDED from src\main\AndroidManifest.xml:85:13-49
	android:label
		ADDED from src\main\AndroidManifest.xml:86:13-59
	android:name
		ADDED from src\main\AndroidManifest.xml:84:13-53
activity#com.hxsn.ssk.activity.SetTextActivity
ADDED from src\main\AndroidManifest.xml:87:9-90:63
	android:screenOrientation
		ADDED from src\main\AndroidManifest.xml:89:13-49
	android:label
		ADDED from src\main\AndroidManifest.xml:90:13-60
	android:name
		ADDED from src\main\AndroidManifest.xml:88:13-53
receiver#com.baidu.android.pushservice.PushServiceReceiver
ADDED from src\main\AndroidManifest.xml:94:9-108:20
	android:process
		ADDED from src\main\AndroidManifest.xml:96:13-44
	android:name
		ADDED from src\main\AndroidManifest.xml:95:13-77
intent-filter#android.intent.action.ACTION_POWER_CONNECTED+android.intent.action.ACTION_POWER_DISCONNECTED+android.intent.action.BOOT_COMPLETED+android.intent.action.MEDIA_MOUNTED+android.intent.action.USER_PRESENT+android.net.conn.CONNECTIVITY_CHANGE+com.baidu.android.pushservice.action.media.CLICK+com.baidu.android.pushservice.action.notification.SHOW
ADDED from src\main\AndroidManifest.xml:97:13-107:29
action#android.intent.action.BOOT_COMPLETED
ADDED from src\main\AndroidManifest.xml:98:17-79
	android:name
		ADDED from src\main\AndroidManifest.xml:98:25-76
action#android.net.conn.CONNECTIVITY_CHANGE
ADDED from src\main\AndroidManifest.xml:99:17-79
	android:name
		ADDED from src\main\AndroidManifest.xml:99:25-76
action#com.baidu.android.pushservice.action.notification.SHOW
ADDED from src\main\AndroidManifest.xml:100:17-97
	android:name
		ADDED from src\main\AndroidManifest.xml:100:25-94
action#com.baidu.android.pushservice.action.media.CLICK
ADDED from src\main\AndroidManifest.xml:101:17-91
	android:name
		ADDED from src\main\AndroidManifest.xml:101:25-88
action#android.intent.action.MEDIA_MOUNTED
ADDED from src\main\AndroidManifest.xml:103:17-78
	android:name
		ADDED from src\main\AndroidManifest.xml:103:25-75
action#android.intent.action.USER_PRESENT
ADDED from src\main\AndroidManifest.xml:104:17-77
	android:name
		ADDED from src\main\AndroidManifest.xml:104:25-74
action#android.intent.action.ACTION_POWER_CONNECTED
ADDED from src\main\AndroidManifest.xml:105:17-87
	android:name
		ADDED from src\main\AndroidManifest.xml:105:25-84
action#android.intent.action.ACTION_POWER_DISCONNECTED
ADDED from src\main\AndroidManifest.xml:106:17-90
	android:name
		ADDED from src\main\AndroidManifest.xml:106:25-87
receiver#com.baidu.android.pushservice.RegistrationReceiver
ADDED from src\main\AndroidManifest.xml:110:9-122:20
	android:process
		ADDED from src\main\AndroidManifest.xml:112:13-44
	android:name
		ADDED from src\main\AndroidManifest.xml:111:13-78
intent-filter#com.baidu.android.pushservice.action.BIND_SYNC+com.baidu.android.pushservice.action.METHOD
ADDED from src\main\AndroidManifest.xml:113:13-116:29
action#com.baidu.android.pushservice.action.METHOD
ADDED from src\main\AndroidManifest.xml:114:17-86
	android:name
		ADDED from src\main\AndroidManifest.xml:114:25-83
action#com.baidu.android.pushservice.action.BIND_SYNC
ADDED from src\main\AndroidManifest.xml:115:17-89
	android:name
		ADDED from src\main\AndroidManifest.xml:115:25-86
intent-filter#android.intent.action.PACKAGE_REMOVED
ADDED from src\main\AndroidManifest.xml:117:13-121:29
action#android.intent.action.PACKAGE_REMOVED
ADDED from src\main\AndroidManifest.xml:118:17-80
	android:name
		ADDED from src\main\AndroidManifest.xml:118:25-77
data
ADDED from src\main\AndroidManifest.xml:120:17-50
	android:scheme
		ADDED from src\main\AndroidManifest.xml:120:23-47
service#com.baidu.android.pushservice.PushService
ADDED from src\main\AndroidManifest.xml:124:9-131:19
	android:process
		ADDED from src\main\AndroidManifest.xml:127:13-44
	android:exported
		ADDED from src\main\AndroidManifest.xml:126:13-36
	android:name
		ADDED from src\main\AndroidManifest.xml:125:13-69
intent-filter#com.baidu.android.pushservice.action.PUSH_SERVICE
ADDED from src\main\AndroidManifest.xml:128:13-130:29
action#com.baidu.android.pushservice.action.PUSH_SERVICE
ADDED from src\main\AndroidManifest.xml:129:17-92
	android:name
		ADDED from src\main\AndroidManifest.xml:129:25-89
service#com.baidu.android.pushservice.CommandService
ADDED from src\main\AndroidManifest.xml:133:9-135:39
	android:exported
		ADDED from src\main\AndroidManifest.xml:135:13-36
	android:name
		ADDED from src\main\AndroidManifest.xml:134:13-72
receiver#com.hxsn.ssk.service.BaiduPushMessageReceiver
ADDED from src\main\AndroidManifest.xml:139:9-149:20
	android:name
		ADDED from src\main\AndroidManifest.xml:139:19-67
intent-filter#com.baidu.android.pushservice.action.MESSAGE+com.baidu.android.pushservice.action.RECEIVE+com.baidu.android.pushservice.action.notification.CLICK
ADDED from src\main\AndroidManifest.xml:140:13-148:29
action#com.baidu.android.pushservice.action.MESSAGE
ADDED from src\main\AndroidManifest.xml:143:17-87
	android:name
		ADDED from src\main\AndroidManifest.xml:143:25-84
action#com.baidu.android.pushservice.action.RECEIVE
ADDED from src\main\AndroidManifest.xml:145:17-87
	android:name
		ADDED from src\main\AndroidManifest.xml:145:25-84
action#com.baidu.android.pushservice.action.notification.CLICK
ADDED from src\main\AndroidManifest.xml:147:17-98
	android:name
		ADDED from src\main\AndroidManifest.xml:147:25-95
activity#com.hxsn.ssk.activity.WarnningActivity
ADDED from src\main\AndroidManifest.xml:151:9-156:47
	android:screenOrientation
		ADDED from src\main\AndroidManifest.xml:155:13-49
	android:label
		ADDED from src\main\AndroidManifest.xml:154:13-60
	android:launchMode
		ADDED from src\main\AndroidManifest.xml:156:13-44
	android:exported
		ADDED from src\main\AndroidManifest.xml:153:13-36
	android:name
		ADDED from src\main\AndroidManifest.xml:152:13-54
activity#com.hxsn.ssk.activity.NewsActivity
ADDED from src\main\AndroidManifest.xml:157:9-162:47
	android:screenOrientation
		ADDED from src\main\AndroidManifest.xml:161:13-49
	android:label
		ADDED from src\main\AndroidManifest.xml:160:13-56
	android:launchMode
		ADDED from src\main\AndroidManifest.xml:162:13-44
	android:exported
		ADDED from src\main\AndroidManifest.xml:159:13-36
	android:name
		ADDED from src\main\AndroidManifest.xml:158:13-50
activity#com.hxsn.ssk.activity.SendQuestActivity
ADDED from src\main\AndroidManifest.xml:163:9-166:66
	android:screenOrientation
		ADDED from src\main\AndroidManifest.xml:165:13-49
	android:label
		ADDED from src\main\AndroidManifest.xml:166:13-64
	android:name
		ADDED from src\main\AndroidManifest.xml:164:13-55
activity#com.hxsn.ssk.activity.VersionInfoActivity
ADDED from src\main\AndroidManifest.xml:168:9-171:66
	android:screenOrientation
		ADDED from src\main\AndroidManifest.xml:170:13-49
	android:label
		ADDED from src\main\AndroidManifest.xml:171:13-64
	android:name
		ADDED from src\main\AndroidManifest.xml:169:13-57
activity#com.snsoft.ctpf.activity.EWMActivity
ADDED from src\main\AndroidManifest.xml:173:9-178:63
	android:screenOrientation
		ADDED from src\main\AndroidManifest.xml:175:13-49
	android:label
		ADDED from src\main\AndroidManifest.xml:176:13-57
	android:configChanges
		ADDED from src\main\AndroidManifest.xml:177:13-63
	android:theme
		ADDED from src\main\AndroidManifest.xml:178:13-60
	android:name
		ADDED from src\main\AndroidManifest.xml:174:13-64
activity#com.snsoft.ctpf.activity.CTMapActivity
ADDED from src\main\AndroidManifest.xml:179:9-183:63
	android:screenOrientation
		ADDED from src\main\AndroidManifest.xml:181:13-49
	android:label
		ADDED from src\main\AndroidManifest.xml:182:13-57
	android:theme
		ADDED from src\main\AndroidManifest.xml:183:13-60
	android:name
		ADDED from src\main\AndroidManifest.xml:180:13-66
activity#com.snsoft.ctpf.activity.CtpfHomeActivity
ADDED from src\main\AndroidManifest.xml:185:9-187:62
	android:screenOrientation
		ADDED from src\main\AndroidManifest.xml:186:13-49
	android:theme
		ADDED from src\main\AndroidManifest.xml:187:13-60
	android:name
		ADDED from src\main\AndroidManifest.xml:185:19-75
activity#com.snsoft.ctpf.activity.CropSelectActivity
ADDED from src\main\AndroidManifest.xml:188:9-191:63
	android:screenOrientation
		ADDED from src\main\AndroidManifest.xml:190:13-49
	android:theme
		ADDED from src\main\AndroidManifest.xml:191:13-60
	android:name
		ADDED from src\main\AndroidManifest.xml:189:13-71
activity#com.snsoft.ctpf.activity.TargetProduceActivity
ADDED from src\main\AndroidManifest.xml:192:9-193:51
	android:screenOrientation
		ADDED from src\main\AndroidManifest.xml:193:13-49
	android:name
		ADDED from src\main\AndroidManifest.xml:192:19-80
activity#com.snsoft.ctpf.activity.FertilizerSelectActivity
ADDED from src\main\AndroidManifest.xml:194:9-195:51
	android:screenOrientation
		ADDED from src\main\AndroidManifest.xml:195:13-49
	android:name
		ADDED from src\main\AndroidManifest.xml:194:19-83
activity#com.snsoft.ctpf.activity.HistoryItemActivity
ADDED from src\main\AndroidManifest.xml:196:9-197:51
	android:screenOrientation
		ADDED from src\main\AndroidManifest.xml:197:13-49
	android:name
		ADDED from src\main\AndroidManifest.xml:196:19-78
activity#com.snsoft.ctpf.activity.CameraActivity
ADDED from src\main\AndroidManifest.xml:198:9-202:62
	android:screenOrientation
		ADDED from src\main\AndroidManifest.xml:199:13-50
	android:windowSoftInputMode
		ADDED from src\main\AndroidManifest.xml:202:13-60
	android:configChanges
		ADDED from src\main\AndroidManifest.xml:200:13-63
	android:theme
		ADDED from src\main\AndroidManifest.xml:201:13-71
	android:name
		ADDED from src\main\AndroidManifest.xml:198:19-73
activity#com.snsoft.ctpf.activity.FertilizerSuggestActivity
ADDED from src\main\AndroidManifest.xml:203:9-204:51
	android:screenOrientation
		ADDED from src\main\AndroidManifest.xml:204:13-49
	android:name
		ADDED from src\main\AndroidManifest.xml:203:19-84
activity#com.snsoft.ctpf.activity.BaseMapActivity
ADDED from src\main\AndroidManifest.xml:205:9-206:51
	android:screenOrientation
		ADDED from src\main\AndroidManifest.xml:206:13-49
	android:name
		ADDED from src\main\AndroidManifest.xml:205:19-74
uses-sdk
INJECTED from src\main\AndroidManifest.xml reason: use-sdk injection requested
MERGED from [com.android.support:appcompat-v7:23.4.0] AndroidManifest.xml:21:5-23:78
MERGED from [com.android.support:animated-vector-drawable:23.4.0] AndroidManifest.xml:5:5-44
MERGED from [com.android.support:support-vector-drawable:23.4.0] AndroidManifest.xml:5:5-43
MERGED from [com.android.support:support-v4:23.4.0] AndroidManifest.xml:20:5-43
MERGED from [hxsn4:ssk_library:unspecified] AndroidManifest.xml:7:5-9:41
	tools:overrideLibrary
		ADDED from [com.android.support:appcompat-v7:23.4.0] AndroidManifest.xml:23:9-75
	android:targetSdkVersion
		INJECTED from src\main\AndroidManifest.xml
		INJECTED from src\main\AndroidManifest.xml
	android:minSdkVersion
		INJECTED from src\main\AndroidManifest.xml
		INJECTED from src\main\AndroidManifest.xml
android:uses-permission#android.permission.READ_EXTERNAL_STORAGE
IMPLIED from src\main\AndroidManifest.xml:2:1-210:12 reason: hxsn.com.library requested WRITE_EXTERNAL_STORAGE